2024-12-30 17:58:08,495 [INFO] Starting ngrok tunnel...
2024-12-30 17:58:17,776 [INFO] 
==================================================
2024-12-30 17:58:17,777 [INFO] System information saved to: c:\users\hp\documents\remote_access_tool\src\system_info.json
2024-12-30 17:58:17,777 [INFO] SSH Command: ssh HP@0.tcp.in.ngrok.io -p 15909
2024-12-30 17:58:17,777 [INFO] Password: banadda
2024-12-30 17:58:17,777 [INFO] ==================================================

2024-12-30 18:08:12,292 [WARNING] Tunnel check failed: HTTPConnectionPool(host='localhost', port=4040): Max retries exceeded with url: /api/tunnels (Caused by NewConnectionError('<urllib3.connection.HTTPConnection object at 0x000001EC8D998090>: Failed to establish a new connection: [WinError 10061] No connection could be made because the target machine actively refused it')). Restarting...
2024-12-30 18:13:39,944 [WARNING] Tunnel check failed: HTTPConnectionPool(host='localhost', port=4040): Max retries exceeded with url: /api/tunnels (Caused by NewConnectionError('<urllib3.connection.HTTPConnection object at 0x000001EC8D99A290>: Failed to establish a new connection: [WinError 10061] No connection could be made because the target machine actively refused it')). Restarting...
2024-12-30 18:27:45,567 [WARNING] No active tunnels found. Restarting ngrok...

ERROR:  authentication failed: Your account is limited to 1 simultaneous ngrok agent sessions.
ERROR:  You can run multiple simultaneous tunnels from a single agent session by defining the tunnels in your agent configuration file and starting them with the command `ngrok start --all`.
ERROR:  Read more about the agent configuration file: https://ngrok.com/docs/secure-tunnels/ngrok-agent/reference/config
ERROR:  You can view your current agent sessions in the dashboard:
ERROR:  https://dashboard.ngrok.com/agents
ERROR:  
ERROR:  ERR_NGROK_108
ERROR:  https://ngrok.com/docs/errors/err_ngrok_108
ERROR:  
2024-12-30 19:10:17,657 [WARNING] Tunnel check failed: HTTPConnectionPool(host='localhost', port=4040): Max retries exceeded with url: /api/tunnels (Caused by NewConnectionError('<urllib3.connection.HTTPConnection object at 0x000001EC8D98A1D0>: Failed to establish a new connection: [WinError 10061] No connection could be made because the target machine actively refused it')). Restarting...
2024-12-30 19:51:05,160 [WARNING] No active tunnels found. Restarting ngrok...

ERROR:  authentication failed: Your account is limited to 1 simultaneous ngrok agent sessions.
ERROR:  You can run multiple simultaneous tunnels from a single agent session by defining the tunnels in your agent configuration file and starting them with the command `ngrok start --all`.
ERROR:  Read more about the agent configuration file: https://ngrok.com/docs/secure-tunnels/ngrok-agent/reference/config
ERROR:  You can view your current agent sessions in the dashboard:
ERROR:  https://dashboard.ngrok.com/agents
ERROR:  
ERROR:  ERR_NGROK_108
ERROR:  https://ngrok.com/docs/errors/err_ngrok_108
ERROR:  
2024-12-30 20:00:29,434 [WARNING] Tunnel check failed: HTTPConnectionPool(host='localhost', port=4040): Max retries exceeded with url: /api/tunnels (Caused by NewConnectionError('<urllib3.connection.HTTPConnection object at 0x000001EC8D988F90>: Failed to establish a new connection: [WinError 10061] No connection could be made because the target machine actively refused it')). Restarting...
2024-12-31 08:15:17,555 [WARNING] Tunnel check failed: HTTPConnectionPool(host='localhost', port=4040): Max retries exceeded with url: /api/tunnels (Caused by NewConnectionError('<urllib3.connection.HTTPConnection object at 0x000001EC8D988490>: Failed to establish a new connection: [WinError 10061] No connection could be made because the target machine actively refused it')). Restarting...

ERROR:  authentication failed: Your account is limited to 1 simultaneous ngrok agent sessions.
ERROR:  You can run multiple simultaneous tunnels from a single agent session by defining the tunnels in your agent configuration file and starting them with the command `ngrok start --all`.
ERROR:  Read more about the agent configuration file: https://ngrok.com/docs/secure-tunnels/ngrok-agent/reference/config
ERROR:  You can view your current agent sessions in the dashboard:
ERROR:  https://dashboard.ngrok.com/agents
ERROR:  
ERROR:  ERR_NGROK_108
ERROR:  https://ngrok.com/docs/errors/err_ngrok_108
ERROR:  
2024-12-31 08:17:56,392 [WARNING] Tunnel check failed: HTTPConnectionPool(host='localhost', port=4040): Max retries exceeded with url: /api/tunnels (Caused by NewConnectionError('<urllib3.connection.HTTPConnection object at 0x000001EC8D9A6FD0>: Failed to establish a new connection: [WinError 10061] No connection could be made because the target machine actively refused it')). Restarting...

ERROR:  authentication failed: Your account is limited to 1 simultaneous ngrok agent sessions.
ERROR:  You can run multiple simultaneous tunnels from a single agent session by defining the tunnels in your agent configuration file and starting them with the command `ngrok start --all`.
ERROR:  Read more about the agent configuration file: https://ngrok.com/docs/secure-tunnels/ngrok-agent/reference/config
ERROR:  You can view your current agent sessions in the dashboard:
ERROR:  https://dashboard.ngrok.com/agents
ERROR:  
ERROR:  ERR_NGROK_108
ERROR:  https://ngrok.com/docs/errors/err_ngrok_108
ERROR:  
2024-12-31 08:18:58,913 [WARNING] Tunnel check failed: HTTPConnectionPool(host='localhost', port=4040): Max retries exceeded with url: /api/tunnels (Caused by NewConnectionError('<urllib3.connection.HTTPConnection object at 0x000001EC8D98BD90>: Failed to establish a new connection: [WinError 10061] No connection could be made because the target machine actively refused it')). Restarting...

ERROR:  authentication failed: Your account is limited to 1 simultaneous ngrok agent sessions.
ERROR:  You can run multiple simultaneous tunnels from a single agent session by defining the tunnels in your agent configuration file and starting them with the command `ngrok start --all`.
ERROR:  Read more about the agent configuration file: https://ngrok.com/docs/secure-tunnels/ngrok-agent/reference/config
ERROR:  You can view your current agent sessions in the dashboard:
ERROR:  https://dashboard.ngrok.com/agents
ERROR:  
ERROR:  ERR_NGROK_108
ERROR:  https://ngrok.com/docs/errors/err_ngrok_108
ERROR:  
2024-12-31 08:34:28,906 [WARNING] Tunnel check failed: HTTPConnectionPool(host='localhost', port=4040): Max retries exceeded with url: /api/tunnels (Caused by NewConnectionError('<urllib3.connection.HTTPConnection object at 0x000001EC8D99B450>: Failed to establish a new connection: [WinError 10061] No connection could be made because the target machine actively refused it')). Restarting...

ERROR:  authentication failed: Your account is limited to 1 simultaneous ngrok agent sessions.
ERROR:  You can run multiple simultaneous tunnels from a single agent session by defining the tunnels in your agent configuration file and starting them with the command `ngrok start --all`.
ERROR:  Read more about the agent configuration file: https://ngrok.com/docs/secure-tunnels/ngrok-agent/reference/config
ERROR:  You can view your current agent sessions in the dashboard:
ERROR:  https://dashboard.ngrok.com/agents
ERROR:  
ERROR:  ERR_NGROK_108
ERROR:  https://ngrok.com/docs/errors/err_ngrok_108
ERROR:  
2024-12-31 08:34:55,250 [WARNING] Tunnel check failed: HTTPConnectionPool(host='localhost', port=4040): Max retries exceeded with url: /api/tunnels (Caused by NewConnectionError('<urllib3.connection.HTTPConnection object at 0x000001EC8D9A6510>: Failed to establish a new connection: [WinError 10061] No connection could be made because the target machine actively refused it')). Restarting...

ERROR:  authentication failed: Your account is limited to 1 simultaneous ngrok agent sessions.
ERROR:  You can run multiple simultaneous tunnels from a single agent session by defining the tunnels in your agent configuration file and starting them with the command `ngrok start --all`.
ERROR:  Read more about the agent configuration file: https://ngrok.com/docs/secure-tunnels/ngrok-agent/reference/config
ERROR:  You can view your current agent sessions in the dashboard:
ERROR:  https://dashboard.ngrok.com/agents
ERROR:  
ERROR:  ERR_NGROK_108
ERROR:  https://ngrok.com/docs/errors/err_ngrok_108
ERROR:  
2024-12-31 08:35:45,637 [WARNING] Tunnel check failed: HTTPConnectionPool(host='localhost', port=4040): Max retries exceeded with url: /api/tunnels (Caused by NewConnectionError('<urllib3.connection.HTTPConnection object at 0x000001EC8D9AC4D0>: Failed to establish a new connection: [WinError 10061] No connection could be made because the target machine actively refused it')). Restarting...

ERROR:  authentication failed: Your account is limited to 1 simultaneous ngrok agent sessions.
ERROR:  You can run multiple simultaneous tunnels from a single agent session by defining the tunnels in your agent configuration file and starting them with the command `ngrok start --all`.
ERROR:  Read more about the agent configuration file: https://ngrok.com/docs/secure-tunnels/ngrok-agent/reference/config
ERROR:  You can view your current agent sessions in the dashboard:
ERROR:  https://dashboard.ngrok.com/agents
ERROR:  
ERROR:  ERR_NGROK_108
ERROR:  https://ngrok.com/docs/errors/err_ngrok_108
ERROR:  
2024-12-31 08:37:00,125 [WARNING] Tunnel check failed: HTTPConnectionPool(host='localhost', port=4040): Max retries exceeded with url: /api/tunnels (Caused by NewConnectionError('<urllib3.connection.HTTPConnection object at 0x000001EC8D998690>: Failed to establish a new connection: [WinError 10061] No connection could be made because the target machine actively refused it')). Restarting...

ERROR:  authentication failed: Your account is limited to 1 simultaneous ngrok agent sessions.
ERROR:  You can run multiple simultaneous tunnels from a single agent session by defining the tunnels in your agent configuration file and starting them with the command `ngrok start --all`.
ERROR:  Read more about the agent configuration file: https://ngrok.com/docs/secure-tunnels/ngrok-agent/reference/config
ERROR:  You can view your current agent sessions in the dashboard:
ERROR:  https://dashboard.ngrok.com/agents
ERROR:  
ERROR:  ERR_NGROK_108
ERROR:  https://ngrok.com/docs/errors/err_ngrok_108
ERROR:  
2024-12-31 08:37:26,375 [WARNING] Tunnel check failed: HTTPConnectionPool(host='localhost', port=4040): Max retries exceeded with url: /api/tunnels (Caused by NewConnectionError('<urllib3.connection.HTTPConnection object at 0x000001EC8D988410>: Failed to establish a new connection: [WinError 10061] No connection could be made because the target machine actively refused it')). Restarting...

ERROR:  authentication failed: Your account is limited to 1 simultaneous ngrok agent sessions.
ERROR:  You can run multiple simultaneous tunnels from a single agent session by defining the tunnels in your agent configuration file and starting them with the command `ngrok start --all`.
ERROR:  Read more about the agent configuration file: https://ngrok.com/docs/secure-tunnels/ngrok-agent/reference/config
ERROR:  You can view your current agent sessions in the dashboard:
ERROR:  https://dashboard.ngrok.com/agents
ERROR:  
ERROR:  ERR_NGROK_108
ERROR:  https://ngrok.com/docs/errors/err_ngrok_108
ERROR:  
2024-12-31 09:00:09,938 [WARNING] Tunnel check failed: HTTPConnectionPool(host='localhost', port=4040): Max retries exceeded with url: /api/tunnels (Caused by NewConnectionError('<urllib3.connection.HTTPConnection object at 0x000001EC8D99BBD0>: Failed to establish a new connection: [WinError 10061] No connection could be made because the target machine actively refused it')). Restarting...

ERROR:  authentication failed: Your account is limited to 1 simultaneous ngrok agent sessions.
ERROR:  You can run multiple simultaneous tunnels from a single agent session by defining the tunnels in your agent configuration file and starting them with the command `ngrok start --all`.
ERROR:  Read more about the agent configuration file: https://ngrok.com/docs/secure-tunnels/ngrok-agent/reference/config
ERROR:  You can view your current agent sessions in the dashboard:
ERROR:  https://dashboard.ngrok.com/agents
ERROR:  
ERROR:  ERR_NGROK_108
ERROR:  https://ngrok.com/docs/errors/err_ngrok_108
ERROR:  
2024-12-31 09:33:03,437 [WARNING] No active tunnels found. Restarting ngrok...
2024-12-31 09:36:49,069 [WARNING] No active tunnels found. Restarting ngrok...
2024-12-31 10:02:52,013 [WARNING] Tunnel check failed: HTTPConnectionPool(host='localhost', port=4040): Max retries exceeded with url: /api/tunnels (Caused by NewConnectionError('<urllib3.connection.HTTPConnection object at 0x000001EC8D988BD0>: Failed to establish a new connection: [WinError 10061] No connection could be made because the target machine actively refused it')). Restarting...
2024-12-31 10:06:19,100 [WARNING] No active tunnels found. Restarting ngrok...
2024-12-31 10:20:30,602 [WARNING] No active tunnels found. Restarting ngrok...
2024-12-31 10:49:20,848 [WARNING] No active tunnels found. Restarting ngrok...
2024-12-31 10:50:29,963 [WARNING] Tunnel check failed: Failed to establish tunnel after 30 seconds. Restarting...
2024-12-31 10:51:38,001 [ERROR] Failed to restart tunnel: Failed to establish tunnel after 30 seconds
2024-12-31 10:51:57,078 [WARNING] Tunnel check failed: HTTPConnectionPool(host='localhost', port=4040): Max retries exceeded with url: /api/tunnels (Caused by NewConnectionError('<urllib3.connection.HTTPConnection object at 0x000001EC8D988290>: Failed to establish a new connection: [WinError 10061] No connection could be made because the target machine actively refused it')). Restarting...
2024-12-31 10:53:06,881 [ERROR] Failed to restart tunnel: Failed to establish tunnel after 30 seconds
2024-12-31 10:53:23,917 [WARNING] No active tunnels found. Restarting ngrok...
2024-12-31 10:54:33,264 [WARNING] Tunnel check failed: Failed to establish tunnel after 30 seconds. Restarting...
2024-12-31 10:55:43,935 [ERROR] Failed to restart tunnel: Failed to establish tunnel after 30 seconds
2024-12-31 10:56:02,491 [WARNING] No active tunnels found. Restarting ngrok...
2024-12-31 10:57:10,720 [WARNING] Tunnel check failed: Failed to establish tunnel after 30 seconds. Restarting...
2024-12-31 10:58:19,856 [ERROR] Failed to restart tunnel: Failed to establish tunnel after 30 seconds
2024-12-31 10:58:36,900 [WARNING] No active tunnels found. Restarting ngrok...
2024-12-31 10:59:47,543 [WARNING] Tunnel check failed: Failed to establish tunnel after 30 seconds. Restarting...
2024-12-31 11:00:58,621 [ERROR] Failed to restart tunnel: Failed to establish tunnel after 30 seconds
2024-12-31 11:01:16,186 [WARNING] No active tunnels found. Restarting ngrok...
2024-12-31 11:02:27,432 [WARNING] Tunnel check failed: Failed to establish tunnel after 30 seconds. Restarting...
2024-12-31 11:03:35,031 [ERROR] Failed to restart tunnel: Failed to establish tunnel after 30 seconds
2024-12-31 11:03:53,583 [WARNING] No active tunnels found. Restarting ngrok...
2024-12-31 11:05:05,336 [WARNING] Tunnel check failed: Failed to establish tunnel after 30 seconds. Restarting...
2024-12-31 11:06:13,364 [ERROR] Failed to restart tunnel: Failed to establish tunnel after 30 seconds
2024-12-31 11:06:44,478 [WARNING] No active tunnels found. Restarting ngrok...

ERROR:  authentication failed: Your account is limited to 1 simultaneous ngrok agent sessions.
ERROR:  You can run multiple simultaneous tunnels from a single agent session by defining the tunnels in your agent configuration file and starting them with the command `ngrok start --all`.
ERROR:  Read more about the agent configuration file: https://ngrok.com/docs/secure-tunnels/ngrok-agent/reference/config
ERROR:  You can view your current agent sessions in the dashboard:
ERROR:  https://dashboard.ngrok.com/agents
ERROR:  
ERROR:  ERR_NGROK_108
ERROR:  https://ngrok.com/docs/errors/err_ngrok_108
ERROR:  
2024-12-31 11:27:46,561 [WARNING] No active tunnels found. Restarting ngrok...

ERROR:  authentication failed: Your account is limited to 1 simultaneous ngrok agent sessions.
ERROR:  You can run multiple simultaneous tunnels from a single agent session by defining the tunnels in your agent configuration file and starting them with the command `ngrok start --all`.
ERROR:  Read more about the agent configuration file: https://ngrok.com/docs/secure-tunnels/ngrok-agent/reference/config
ERROR:  You can view your current agent sessions in the dashboard:
ERROR:  https://dashboard.ngrok.com/agents
ERROR:  
ERROR:  ERR_NGROK_108
ERROR:  https://ngrok.com/docs/errors/err_ngrok_108
ERROR:  
2024-12-31 11:43:55,215 [WARNING] Tunnel check failed: HTTPConnectionPool(host='localhost', port=4040): Max retries exceeded with url: /api/tunnels (Caused by NewConnectionError('<urllib3.connection.HTTPConnection object at 0x000001EC8D9C0ED0>: Failed to establish a new connection: [WinError 10061] No connection could be made because the target machine actively refused it')). Restarting...
2024-12-31 11:56:50,688 [WARNING] Tunnel check failed: HTTPConnectionPool(host='localhost', port=4040): Max retries exceeded with url: /api/tunnels (Caused by NewConnectionError('<urllib3.connection.HTTPConnection object at 0x000001EC8D9A7150>: Failed to establish a new connection: [WinError 10061] No connection could be made because the target machine actively refused it')). Restarting...

ERROR:  authentication failed: Your account is limited to 1 simultaneous ngrok agent sessions.
ERROR:  You can run multiple simultaneous tunnels from a single agent session by defining the tunnels in your agent configuration file and starting them with the command `ngrok start --all`.
ERROR:  Read more about the agent configuration file: https://ngrok.com/docs/secure-tunnels/ngrok-agent/reference/config
ERROR:  You can view your current agent sessions in the dashboard:
ERROR:  https://dashboard.ngrok.com/agents
ERROR:  
ERROR:  ERR_NGROK_108
ERROR:  https://ngrok.com/docs/errors/err_ngrok_108
ERROR:  
